Unity Editor version:    2021.3.30f1 (b4360d7cdac4)
Branch:                  2021.3/staging
Build type:              Release
Batch mode:              YES
macOS version:           Version 13.5.1 (Build 22G90)
Darwin version:          22.6.0
Architecture:            arm64
Running under Rosetta:   NO
Available memory:        8192 MB
Using pre-set license
Pro License: YES

COMMAND LINE ARGUMENTS:
/Applications/Unity/Hub/Editor/2021.3.30f1/Unity.app/Contents/MacOS/Unity
-adb2
-batchMode
-noUpm
-name
AssetImportWorker0
-projectPath
/Users/cideth/Documents/IMDead/IMDead
-logFile
Logs/AssetImportWorker0.log
-srvPort
61626
Successfully changed project path to: /Users/cideth/Documents/IMDead/IMDead
/Users/cideth/Documents/IMDead/IMDead
[UnityMemory] Configuration Parameters - Can be set up in boot.config
    "memorysetup-bucket-allocator-granularity=16"
    "memorysetup-bucket-allocator-bucket-count=8"
    "memorysetup-bucket-allocator-block-size=33554432"
    "memorysetup-bucket-allocator-block-count=8"
    "memorysetup-main-allocator-block-size=16777216"
    "memorysetup-thread-allocator-block-size=16777216"
    "memorysetup-gfx-main-allocator-block-size=16777216"
    "memorysetup-gfx-thread-allocator-block-size=16777216"
    "memorysetup-cache-allocator-block-size=4194304"
    "memorysetup-typetree-allocator-block-size=2097152"
    "memorysetup-profiler-bucket-allocator-granularity=16"
    "memorysetup-profiler-bucket-allocator-bucket-count=8"
    "memorysetup-profiler-bucket-allocator-block-size=33554432"
    "memorysetup-profiler-bucket-allocator-block-count=8"
    "memorysetup-profiler-allocator-block-size=16777216"
    "memorysetup-profiler-editor-allocator-block-size=1048576"
    "memorysetup-temp-allocator-size-main=16777216"
    "memorysetup-job-temp-allocator-block-size=2097152"
    "memorysetup-job-temp-allocator-block-size-background=1048576"
    "memorysetup-job-temp-allocator-reduction-small-platforms=262144"
    "memorysetup-temp-allocator-size-background-worker=32768"
    "memorysetup-temp-allocator-size-job-worker=262144"
    "memorysetup-temp-allocator-size-preload-manager=33554432"
    "memorysetup-temp-allocator-size-nav-mesh-worker=65536"
    "memorysetup-temp-allocator-size-audio-worker=65536"
    "memorysetup-temp-allocator-size-cloud-worker=32768"
    "memorysetup-temp-allocator-size-gi-baking-worker=262144"
    "memorysetup-temp-allocator-size-gfx=262144"
Player connection [8408277120] Host "[IP] 10.172.147.90 [Port] 0 [Flags] 2 [Guid] 1286602736 [EditorId] 1286602736 [Version] 1048832 [Id] OSXEditor(0,cideths-air-2.umd.edu) [Debug] 1 [PackageName] OSXEditor [ProjectName] Editor" joined multi-casting on [225.0.0.222:54997]...

Player connection [8408277120] Host "[IP] 10.172.147.90 [Port] 0 [Flags] 2 [Guid] 1286602736 [EditorId] 1286602736 [Version] 1048832 [Id] OSXEditor(0,cideths-air-2.umd.edu) [Debug] 1 [PackageName] OSXEditor [ProjectName] Editor" joined alternative multi-casting on [225.0.0.222:34997]...

[Physics::Module] Initialized MultithreadedJobDispatcher with {0} workers.
Refreshing native plugins compatible for Editor in 57.31 ms, found 2 plugins.
Preloading 0 native plugins for Editor in 0.00 ms.
Initialize engine version: 2021.3.30f1 (b4360d7cdac4)
[Subsystems] Discovering subsystems at path /Applications/Unity/Hub/Editor/2021.3.30f1/Unity.app/Contents/Resources/UnitySubsystems
[Subsystems] Discovering subsystems at path /Users/cideth/Documents/IMDead/IMDead/Assets
GfxDevice: creating device client; threaded=0; jobified=0
 preferred device: Apple M1 (high power)
Metal devices available: 1
0: Apple M1 (high power)
Using device Apple M1 (high power)
Initializing Metal device caps: Apple M1
Initialize mono
Mono path[0] = '/Applications/Unity/Hub/Editor/2021.3.30f1/Unity.app/Contents/Managed'
Mono path[1] = '/Applications/Unity/Hub/Editor/2021.3.30f1/Unity.app/Contents/MonoBleedingEdge/lib/mono/unityjit-macos'
Mono config path = '/Applications/Unity/Hub/Editor/2021.3.30f1/Unity.app/Contents/MonoBleedingEdge/etc'
Using monoOptions --debugger-agent=transport=dt_socket,embedding=1,server=y,suspend=n,address=127.0.0.1:56823
Begin MonoManager ReloadAssembly
Registering precompiled unity dll's ...
Register platform support module: /Applications/Unity/Hub/Editor/2021.3.30f1/PlaybackEngines/WebGLSupport/UnityEditor.WebGL.Extensions.dll
Register platform support module: /Applications/Unity/Hub/Editor/2021.3.30f1/Unity.app/Contents/PlaybackEngines/MacStandaloneSupport/UnityEditor.OSXStandalone.Extensions.dll
Registered in 0.001267 seconds.
Native extension for OSXStandalone target not found
Native extension for WebGL target not found
Refreshing native plugins compatible for Editor in 56.69 ms, found 2 plugins.
Preloading 0 native plugins for Editor in 0.00 ms.
Mono: successfully reloaded assembly
- Completed reload, in  0.413 seconds
Domain Reload Profiling:
	ReloadAssembly (413ms)
		BeginReloadAssembly (70ms)
			ExecutionOrderSort (0ms)
			DisableScriptedObjects (0ms)
			BackupInstance (0ms)
			ReleaseScriptingObjects (0ms)
			CreateAndSetChildDomain (0ms)
		EndReloadAssembly (285ms)
			LoadAssemblies (71ms)
			RebuildTransferFunctionScriptingTraits (0ms)
			SetupTypeCache (76ms)
			ReleaseScriptCaches (0ms)
			RebuildScriptCaches (19ms)
			SetupLoadedEditorAssemblies (160ms)
				LogAssemblyErrors (0ms)
				InitializePlatformSupportModulesInManaged (4ms)
				SetLoadedEditorAssemblies (0ms)
				RefreshPlugins (57ms)
				BeforeProcessingInitializeOnLoad (1ms)
				ProcessInitializeOnLoadAttributes (72ms)
				ProcessInitializeOnLoadMethodAttributes (27ms)
				AfterProcessingInitializeOnLoad (0ms)
				EditorAssembliesLoaded (0ms)
			ExecutionOrderSort2 (0ms)
			AwakeInstancesAfterBackupRestoration (0ms)
Platform modules already initialized, skipping
Registering precompiled user dll's ...
Registered in 0.003201 seconds.
Begin MonoManager ReloadAssembly
Native extension for OSXStandalone target not found
Native extension for WebGL target not found
Refreshing native plugins compatible for Editor in 0.30 ms, found 2 plugins.
Preloading 0 native plugins for Editor in 0.00 ms.
Package Manager log level set to [2]
[Package Manager] Server::EnsureServerProcessIsRunning -- launch failed, reason: Unity was launched with the -noUpm command-line argument
[Package Manager] Cannot connect to Unity Package Manager local server
Mono: successfully reloaded assembly
- Completed reload, in  0.964 seconds
Domain Reload Profiling:
	ReloadAssembly (964ms)
		BeginReloadAssembly (65ms)
			ExecutionOrderSort (0ms)
			DisableScriptedObjects (4ms)
			BackupInstance (0ms)
			ReleaseScriptingObjects (0ms)
			CreateAndSetChildDomain (16ms)
		EndReloadAssembly (838ms)
			LoadAssemblies (52ms)
			RebuildTransferFunctionScriptingTraits (0ms)
			SetupTypeCache (169ms)
			ReleaseScriptCaches (0ms)
			RebuildScriptCaches (36ms)
			SetupLoadedEditorAssemblies (561ms)
				LogAssemblyErrors (0ms)
				InitializePlatformSupportModulesInManaged (3ms)
				SetLoadedEditorAssemblies (0ms)
				RefreshPlugins (0ms)
				BeforeProcessingInitializeOnLoad (46ms)
				ProcessInitializeOnLoadAttributes (501ms)
				ProcessInitializeOnLoadMethodAttributes (10ms)
				AfterProcessingInitializeOnLoad (1ms)
				EditorAssembliesLoaded (0ms)
			ExecutionOrderSort2 (0ms)
			AwakeInstancesAfterBackupRestoration (2ms)
Platform modules already initialized, skipping
========================================================================
Worker process is ready to serve import requests
Launching external process: /Applications/Unity/Hub/Editor/2021.3.30f1/Unity.app/Contents/Tools/UnityShaderCompiler
Launched and connected shader compiler UnityShaderCompiler after 0.05 seconds
Refreshing native plugins compatible for Editor in 0.32 ms, found 2 plugins.
Preloading 0 native plugins for Editor in 0.00 ms.
Unloading 3121 Unused Serialized files (Serialized files now loaded: 0)
Unloading 22 unused Assets / (232.5 KB). Loaded Objects now: 3582.
Memory consumption went from 104.4 MB to 104.2 MB.
Total: 2.244958 ms (FindLiveObjects: 0.136292 ms CreateObjectMapping: 0.039791 ms MarkObjects: 2.019625 ms  DeleteObjects: 0.048583 ms)

AssetImportParameters requested are different than current active one (requested -> active):
  custom:video-decoder-ogg-theora: a1e56fd34408186e4bbccfd4996cb3dc -> 
  custom:container-muxer-webm: aa71ff27fc2769a1b78a27578f13a17b -> 
  custom:container-demuxer-webm: 4f35f7cbe854078d1ac9338744f61a02 -> 
  custom:video-encoder-webm-vp8: eb34c28f22e8b96e1ab97ce403110664 -> 
  custom:framework-osx-AVFoundation: e770b220cccbd017edd2c1fefb359320 -> 
  custom:CustomObjectIndexerAttribute: bc11b3a6c3213fcdd17b65e7da85e133 -> 
  custom:audio-encoder-webm-vorbis: bf7c407c2cedff20999df2af8eb42d56 -> 
  custom:SearchIndexIgnoredProperties: e643bd26f0fe6173181afceb89e7c659 -> 
  custom:container-demuxer-ogg: 62fdf1f143b41e24485cea50d1cbac27 -> 
  custom:video-decoder-webm-vp8: 9c59270c3fd7afecdb556c50c9e8de78 -> 
  custom:audio-decoder-ogg-vorbis: bf7c407c2cedff20999df2af8eb42d56 -> 
========================================================================
Received Import Request.
  Time since last request: 56087.408961 seconds.
  path: Assets/marie.prefab
  artifactKey: Guid(5dfb25669faa1493788fd0da70987c15) Importer(815301076,1909f56bfc062723c751e8b465ee728b)
Number of updated assets reloaded before import = 0
Start importing Assets/marie.prefab using Guid(5dfb25669faa1493788fd0da70987c15) Importer(815301076,1909f56bfc062723c751e8b465ee728b)  -> (artifact id: '9f4c17ae0c60016c31c9e7002dce9efb') in 0.494811 seconds 
Number of asset objects unloaded after import = 2950
========================================================================
Received Import Request.
  Time since last request: 0.000066 seconds.
  path: Assets/male_casualsuit01_diffuse.png
  artifactKey: Guid(f9f7d192bccf14a7ca1041c4c4082070) Importer(815301076,1909f56bfc062723c751e8b465ee728b)
Number of updated assets reloaded before import = 0
Start importing Assets/male_casualsuit01_diffuse.png using Guid(f9f7d192bccf14a7ca1041c4c4082070) Importer(815301076,1909f56bfc062723c751e8b465ee728b)  -> (artifact id: '9ebe4aabd0ddc2e8c7f83feb6ce95b91') in 0.070071 seconds 
Number of asset objects unloaded after import = 2
========================================================================
Received Import Request.
  Time since last request: 0.000067 seconds.
  path: Assets/Human.body.mat
  artifactKey: Guid(508af15b13c1249ff8af358f2333150f) Importer(815301076,1909f56bfc062723c751e8b465ee728b)
Number of updated assets reloaded before import = 0
Start importing Assets/Human.body.mat using Guid(508af15b13c1249ff8af358f2333150f) Importer(815301076,1909f56bfc062723c751e8b465ee728b)  -> (artifact id: 'd75f9f252d29d6c88b69cf88212e5266') in 0.046153 seconds 
Number of asset objects unloaded after import = 2
========================================================================
Received Import Request.
  Time since last request: 0.000074 seconds.
  path: Assets/marie4.wav
  artifactKey: Guid(bae37ffab7eaf458194a48db5e8311aa) Importer(815301076,1909f56bfc062723c751e8b465ee728b)
Number of updated assets reloaded before import = 0
Start importing Assets/marie4.wav using Guid(bae37ffab7eaf458194a48db5e8311aa) Importer(815301076,1909f56bfc062723c751e8b465ee728b)  -> (artifact id: 'c7fdddeaf0d6448fe69e4bc560da347b') in 0.059536 seconds 
Number of asset objects unloaded after import = 2
========================================================================
Received Import Request.
  Time since last request: 0.000041 seconds.
  path: Assets/Human.eyebrow009.001.mat
  artifactKey: Guid(6747c1e50cf4b497cb77a40d1f186eda) Importer(815301076,1909f56bfc062723c751e8b465ee728b)
Number of updated assets reloaded before import = 0
Start importing Assets/Human.eyebrow009.001.mat using Guid(6747c1e50cf4b497cb77a40d1f186eda) Importer(815301076,1909f56bfc062723c751e8b465ee728b)  -> (artifact id: '668430811c87cf95470864693260be42') in 0.005052 seconds 
Number of asset objects unloaded after import = 2
========================================================================
Received Import Request.
  Time since last request: 0.000060 seconds.
  path: Assets/Human.shoes04.mat
  artifactKey: Guid(476859ff215b144fe85755a62c5f7d2e) Importer(815301076,1909f56bfc062723c751e8b465ee728b)
Number of updated assets reloaded before import = 0
Start importing Assets/Human.shoes04.mat using Guid(476859ff215b144fe85755a62c5f7d2e) Importer(815301076,1909f56bfc062723c751e8b465ee728b)  -> (artifact id: 'cf3f656666da43ee714db37203968297') in 0.006224 seconds 
Number of asset objects unloaded after import = 2
========================================================================
Received Import Request.
  Time since last request: 0.000037 seconds.
  path: Assets/eyelashes03.png
  artifactKey: Guid(96b64c690e1d54ff0bffd918b9c569ab) Importer(815301076,1909f56bfc062723c751e8b465ee728b)
Number of updated assets reloaded before import = 0
Start importing Assets/eyelashes03.png using Guid(96b64c690e1d54ff0bffd918b9c569ab) Importer(815301076,1909f56bfc062723c751e8b465ee728b)  -> (artifact id: '9b0284d26cc4198730715c51a8aeacd6') in 0.003641 seconds 
Number of asset objects unloaded after import = 2
========================================================================
Received Import Request.
  Time since last request: 0.000045 seconds.
  path: Assets/Human.male_casualsuit01.mat
  artifactKey: Guid(810b1a6eef87045bf89bb354d59aae52) Importer(815301076,1909f56bfc062723c751e8b465ee728b)
Number of updated assets reloaded before import = 0
Start importing Assets/Human.male_casualsuit01.mat using Guid(810b1a6eef87045bf89bb354d59aae52) Importer(815301076,1909f56bfc062723c751e8b465ee728b)  -> (artifact id: '8261ff6f9876de455429da7d7657a1a5') in 0.006175 seconds 
Number of asset objects unloaded after import = 2
========================================================================
Received Import Request.
  Time since last request: 0.000036 seconds.
  path: Assets/shoes03_diffuse.png
  artifactKey: Guid(85867b9bd163d438da75ec444b3d1421) Importer(815301076,1909f56bfc062723c751e8b465ee728b)
Number of updated assets reloaded before import = 0
Start importing Assets/shoes03_diffuse.png using Guid(85867b9bd163d438da75ec444b3d1421) Importer(815301076,1909f56bfc062723c751e8b465ee728b)  -> (artifact id: '51385961560805f71d864f6b4bab4888') in 0.004138 seconds 
Number of asset objects unloaded after import = 2
========================================================================
Received Import Request.
  Time since last request: 0.000040 seconds.
  path: Assets/Human.teeth_base.mat
  artifactKey: Guid(c4d14b18dcb864fb9be405663b8ea2ab) Importer(815301076,1909f56bfc062723c751e8b465ee728b)
Number of updated assets reloaded before import = 0
Start importing Assets/Human.teeth_base.mat using Guid(c4d14b18dcb864fb9be405663b8ea2ab) Importer(815301076,1909f56bfc062723c751e8b465ee728b)  -> (artifact id: 'b2156a64321395a1dc9b2cef50446b7f') in 0.007340 seconds 
Number of asset objects unloaded after import = 2
========================================================================
Received Import Request.
  Time since last request: 0.000057 seconds.
  path: Assets/Human.tongue01.mat
  artifactKey: Guid(6dbc6ec503a97411b9263d740b6f4af1) Importer(815301076,1909f56bfc062723c751e8b465ee728b)
Number of updated assets reloaded before import = 0
Start importing Assets/Human.tongue01.mat using Guid(6dbc6ec503a97411b9263d740b6f4af1) Importer(815301076,1909f56bfc062723c751e8b465ee728b)  -> (artifact id: 'eca3da41a92ffc5a16d886c9b83c400d') in 0.005123 seconds 
Number of asset objects unloaded after import = 2
========================================================================
Received Import Request.
  Time since last request: 0.000068 seconds.
  path: Assets/old_lightskinned_female_diffuse.png
  artifactKey: Guid(86821ab6ed7fd4114842d0309a31fea4) Importer(815301076,1909f56bfc062723c751e8b465ee728b)
Number of updated assets reloaded before import = 0
Start importing Assets/old_lightskinned_female_diffuse.png using Guid(86821ab6ed7fd4114842d0309a31fea4) Importer(815301076,1909f56bfc062723c751e8b465ee728b)  -> (artifact id: '963468552f87e29b4e7c590e90f2ae3e') in 0.006518 seconds 
Number of asset objects unloaded after import = 2
========================================================================
Received Import Request.
  Time since last request: 0.000039 seconds.
  path: Assets/eyebrow010.png
  artifactKey: Guid(bf478403b7c7c43cf8ddbb4f559b8b87) Importer(815301076,1909f56bfc062723c751e8b465ee728b)
Number of updated assets reloaded before import = 0
Start importing Assets/eyebrow010.png using Guid(bf478403b7c7c43cf8ddbb4f559b8b87) Importer(815301076,1909f56bfc062723c751e8b465ee728b)  -> (artifact id: '39818696a28710853b1445add3cf8940') in 0.006631 seconds 
Number of asset objects unloaded after import = 2
========================================================================
Received Import Request.
  Time since last request: 0.000033 seconds.
  path: Assets/Human.eyebrow010.mat
  artifactKey: Guid(207daa6a720bd4e869f2c709c39864f6) Importer(815301076,1909f56bfc062723c751e8b465ee728b)
Number of updated assets reloaded before import = 0
Start importing Assets/Human.eyebrow010.mat using Guid(207daa6a720bd4e869f2c709c39864f6) Importer(815301076,1909f56bfc062723c751e8b465ee728b)  -> (artifact id: '671a0dcf83ed6ebfea2e1c5120010488') in 0.005516 seconds 
Number of asset objects unloaded after import = 2
========================================================================
Received Import Request.
  Time since last request: 0.000039 seconds.
  path: Assets/Human.high-poly.mat
  artifactKey: Guid(37c806b38df0a4a3a80f6b8a95d1bd62) Importer(815301076,1909f56bfc062723c751e8b465ee728b)
Number of updated assets reloaded before import = 0
Start importing Assets/Human.high-poly.mat using Guid(37c806b38df0a4a3a80f6b8a95d1bd62) Importer(815301076,1909f56bfc062723c751e8b465ee728b)  -> (artifact id: '1e883e76afa190559f1438bc8364be51') in 0.006023 seconds 
Number of asset objects unloaded after import = 2
========================================================================
Received Import Request.
  Time since last request: 0.000038 seconds.
  path: Assets/Human.high-poly 1.mat
  artifactKey: Guid(f103c4c6cc4874cde801a40de1768301) Importer(815301076,1909f56bfc062723c751e8b465ee728b)
Number of updated assets reloaded before import = 0
Start importing Assets/Human.high-poly 1.mat using Guid(f103c4c6cc4874cde801a40de1768301) Importer(815301076,1909f56bfc062723c751e8b465ee728b)  -> (artifact id: '796298dd61708f3610943cfa64e0b6a8') in 0.006793 seconds 
Number of asset objects unloaded after import = 2
========================================================================
Received Import Request.
  Time since last request: 0.000056 seconds.
  path: Assets/lace_up_blouse.png
  artifactKey: Guid(590e2b445d4484eb7bf2f4bac93a84b4) Importer(815301076,1909f56bfc062723c751e8b465ee728b)
Number of updated assets reloaded before import = 0
Start importing Assets/lace_up_blouse.png using Guid(590e2b445d4484eb7bf2f4bac93a84b4) Importer(815301076,1909f56bfc062723c751e8b465ee728b)  -> (artifact id: '6192c2d00988a0ed6fa57813d61ad5e4') in 0.006997 seconds 
Number of asset objects unloaded after import = 2
========================================================================
Received Import Request.
  Time since last request: 0.000036 seconds.
  path: Assets/marieintro.wav
  artifactKey: Guid(0cd366419564c4495b9e380f73a93770) Importer(815301076,1909f56bfc062723c751e8b465ee728b)
Number of updated assets reloaded before import = 0
Start importing Assets/marieintro.wav using Guid(0cd366419564c4495b9e380f73a93770) Importer(815301076,1909f56bfc062723c751e8b465ee728b)  -> (artifact id: '8bae08296682669690db849e2b47c930') in 0.004594 seconds 
Number of asset objects unloaded after import = 2
========================================================================
Received Import Request.
  Time since last request: 0.000055 seconds.
  path: Assets/Human.grinsegold_full_beard.mat
  artifactKey: Guid(2f6497ca6b0c0436aab69ef46043bc3b) Importer(815301076,1909f56bfc062723c751e8b465ee728b)
Number of updated assets reloaded before import = 0
Start importing Assets/Human.grinsegold_full_beard.mat using Guid(2f6497ca6b0c0436aab69ef46043bc3b) Importer(815301076,1909f56bfc062723c751e8b465ee728b)  -> (artifact id: '132d203768815e7442b226fb068b6c20') in 0.005425 seconds 
Number of asset objects unloaded after import = 2
========================================================================
Received Import Request.
  Time since last request: 0.000046 seconds.
  path: Assets/Human.tongue01 1.mat
  artifactKey: Guid(430a37f7526d04d73adcecf3da80e778) Importer(815301076,1909f56bfc062723c751e8b465ee728b)
Number of updated assets reloaded before import = 0
Start importing Assets/Human.tongue01 1.mat using Guid(430a37f7526d04d73adcecf3da80e778) Importer(815301076,1909f56bfc062723c751e8b465ee728b)  -> (artifact id: '88c6827731425d331872e43c3df792b5') in 0.004322 seconds 
Number of asset objects unloaded after import = 2
========================================================================
Received Import Request.
  Time since last request: 0.000044 seconds.
  path: Assets/ponytail01_diffuse.png
  artifactKey: Guid(b957fee15e7a94081a24a03c720c9670) Importer(815301076,1909f56bfc062723c751e8b465ee728b)
Number of updated assets reloaded before import = 0
Start importing Assets/ponytail01_diffuse.png using Guid(b957fee15e7a94081a24a03c720c9670) Importer(815301076,1909f56bfc062723c751e8b465ee728b)  -> (artifact id: 'b9bb7bdf4ec14123ac1408b860c8760b') in 0.006245 seconds 
Number of asset objects unloaded after import = 2
========================================================================
Received Import Request.
  Time since last request: 0.000031 seconds.
  path: Assets/marie.fbx
  artifactKey: Guid(464246e395a4f48d3b786e1cd455ec54) Importer(815301076,1909f56bfc062723c751e8b465ee728b)
Number of updated assets reloaded before import = 0
Start importing Assets/marie.fbx using Guid(464246e395a4f48d3b786e1cd455ec54) Importer(815301076,1909f56bfc062723c751e8b465ee728b)  -> (artifact id: '5972c49643bbe0a61cf1b93cea6f0083') in 0.196445 seconds 
Number of asset objects unloaded after import = 2950
========================================================================
Received Import Request.
  Time since last request: 0.000052 seconds.
  path: Assets/Human.short01.mat
  artifactKey: Guid(de03cd258c9644f198f9c40a0e81e4aa) Importer(815301076,1909f56bfc062723c751e8b465ee728b)
Number of updated assets reloaded before import = 0
Start importing Assets/Human.short01.mat using Guid(de03cd258c9644f198f9c40a0e81e4aa) Importer(815301076,1909f56bfc062723c751e8b465ee728b)  -> (artifact id: '8201bdc8bde99ae3e612e23cf6c675b9') in 0.008875 seconds 
Number of asset objects unloaded after import = 2
========================================================================
Received Import Request.
  Time since last request: 0.000058 seconds.
  path: Assets/Human.grinsegold_moustache.mat
  artifactKey: Guid(0f0cbfd93faf74f76bb35644302b3925) Importer(815301076,1909f56bfc062723c751e8b465ee728b)
Number of updated assets reloaded before import = 0
Start importing Assets/Human.grinsegold_moustache.mat using Guid(0f0cbfd93faf74f76bb35644302b3925) Importer(815301076,1909f56bfc062723c751e8b465ee728b)  -> (artifact id: '7fda0e06d7a4a49b6fbc7c9b6e2efeb6') in 0.006497 seconds 
Number of asset objects unloaded after import = 2
========================================================================
Received Import Request.
  Time since last request: 0.000036 seconds.
  path: Assets/marie3.wav
  artifactKey: Guid(f1f8d0ead7e99464c86dda4176ec38b7) Importer(815301076,1909f56bfc062723c751e8b465ee728b)
Number of updated assets reloaded before import = 0
Start importing Assets/marie3.wav using Guid(f1f8d0ead7e99464c86dda4176ec38b7) Importer(815301076,1909f56bfc062723c751e8b465ee728b)  -> (artifact id: '09e35d55a7bec8cce82cec9d731b1af9') in 0.005351 seconds 
Number of asset objects unloaded after import = 2
========================================================================
Received Import Request.
  Time since last request: 0.000066 seconds.
  path: Assets/marie2.wav
  artifactKey: Guid(57bb2710b5877494497194b58586fc54) Importer(815301076,1909f56bfc062723c751e8b465ee728b)
Number of updated assets reloaded before import = 0
Start importing Assets/marie2.wav using Guid(57bb2710b5877494497194b58586fc54) Importer(815301076,1909f56bfc062723c751e8b465ee728b)  -> (artifact id: '553980efa69125eb5b0286527e41a53a') in 0.004725 seconds 
Number of asset objects unloaded after import = 2
========================================================================
Received Import Request.
  Time since last request: 0.000053 seconds.
  path: Assets/brown_eye.png
  artifactKey: Guid(8fbd6ab393a6542e1812cde73b44ac06) Importer(815301076,1909f56bfc062723c751e8b465ee728b)
Number of updated assets reloaded before import = 0
Start importing Assets/brown_eye.png using Guid(8fbd6ab393a6542e1812cde73b44ac06) Importer(815301076,1909f56bfc062723c751e8b465ee728b)  -> (artifact id: '9a6f002670b4e145abae9443dab092ca') in 0.005136 seconds 
Number of asset objects unloaded after import = 2
========================================================================
Received Import Request.
  Time since last request: 0.000058 seconds.
  path: Assets/Human.eyelashes01.mat
  artifactKey: Guid(72b847512382442999aab41c4aeb05dc) Importer(815301076,1909f56bfc062723c751e8b465ee728b)
Number of updated assets reloaded before import = 0
Start importing Assets/Human.eyelashes01.mat using Guid(72b847512382442999aab41c4aeb05dc) Importer(815301076,1909f56bfc062723c751e8b465ee728b)  -> (artifact id: '443a1f5e08762eee3c0cb643326539da') in 0.004560 seconds 
Number of asset objects unloaded after import = 2
========================================================================
Received Import Request.
  Time since last request: 0.000067 seconds.
  path: Assets/short01_diffuse.png
  artifactKey: Guid(494ee9d9046624fe39dc85c39aaa77a7) Importer(815301076,1909f56bfc062723c751e8b465ee728b)
Number of updated assets reloaded before import = 0
Start importing Assets/short01_diffuse.png using Guid(494ee9d9046624fe39dc85c39aaa77a7) Importer(815301076,1909f56bfc062723c751e8b465ee728b)  -> (artifact id: '2e759706bc185475098d8ffd0339a39c') in 0.006066 seconds 
Number of asset objects unloaded after import = 2
========================================================================
Received Import Request.
  Time since last request: 0.000038 seconds.
  path: Assets/middleage_lightskinned_male_diffuse2.png
  artifactKey: Guid(da8d9a358f1c249b7a450d48e0190ac9) Importer(815301076,1909f56bfc062723c751e8b465ee728b)
Number of updated assets reloaded before import = 0
Start importing Assets/middleage_lightskinned_male_diffuse2.png using Guid(da8d9a358f1c249b7a450d48e0190ac9) Importer(815301076,1909f56bfc062723c751e8b465ee728b)  -> (artifact id: 'e856446c5471d3a14ce91db592818dbb') in 0.004932 seconds 
Number of asset objects unloaded after import = 2
========================================================================
Received Import Request.
  Time since last request: 0.000034 seconds.
  path: Assets/Human.body 1.mat
  artifactKey: Guid(61919edaabfdb43ddadd5e8f6006427e) Importer(815301076,1909f56bfc062723c751e8b465ee728b)
Number of updated assets reloaded before import = 0
Start importing Assets/Human.body 1.mat using Guid(61919edaabfdb43ddadd5e8f6006427e) Importer(815301076,1909f56bfc062723c751e8b465ee728b)  -> (artifact id: 'd84b0b7cab02cf82153745a15ff801e8') in 0.005946 seconds 
Number of asset objects unloaded after import = 2
========================================================================
Received Import Request.
  Time since last request: 0.000037 seconds.
  path: Assets/Human.punkduck_lace_up_blouse.mat
  artifactKey: Guid(578356ab347a74552925be67c7989cb2) Importer(815301076,1909f56bfc062723c751e8b465ee728b)
Number of updated assets reloaded before import = 0
Start importing Assets/Human.punkduck_lace_up_blouse.mat using Guid(578356ab347a74552925be67c7989cb2) Importer(815301076,1909f56bfc062723c751e8b465ee728b)  -> (artifact id: 'ca960a9bae1c40a9ae2e58969aa7813a') in 0.006850 seconds 
Number of asset objects unloaded after import = 2
========================================================================
Received Import Request.
  Time since last request: 2.046318 seconds.
  path: Assets/I.M.Dead..unity
  artifactKey: Guid(c7dabfd4c634148faa00538adb77ddc1) Importer(815301076,1909f56bfc062723c751e8b465ee728b)
Number of updated assets reloaded before import = 0
Start importing Assets/I.M.Dead..unity using Guid(c7dabfd4c634148faa00538adb77ddc1) Importer(815301076,1909f56bfc062723c751e8b465ee728b)  -> (artifact id: 'c8e675267348636c6a0bcc42f9fde24a') in 0.000687 seconds 
Number of asset objects unloaded after import = 0
